<?xml version="1.0" encoding="UTF-8"?>
<testng-results skipped="0" failed="1" ignored="0" total="3" passed="2">
  <reporter-output>
  </reporter-output>
  <suite name="Suite 1" duration-ms="40038" started-at="2021-03-10T13:13:24 CST" finished-at="2021-03-10T13:14:04 CST">
    <groups>
    </groups>
    <test name="C:/Users/keyvu/IdeaProjects/AutomationDemo01" duration-ms="40038" started-at="2021-03-10T13:13:24 CST" finished-at="2021-03-10T13:14:04 CST">
      <class name="Test1">
        <test-method status="PASS" signature="SetUpTest()[pri:0, instance:Test1@6c9f5c0d]" name="SetUpTest" is-config="true" duration-ms="2286" started-at="2021-03-10T13:13:24 CST" finished-at="2021-03-10T13:13:27 CST">
          <reporter-output>
          </reporter-output>
        </test-method> <!-- SetUpTest -->
        <test-method status="PASS" signature="BeginTest()[pri:0, instance:Test1@6c9f5c0d]" name="BeginTest" duration-ms="2949" started-at="2021-03-10T13:13:30 CST" finished-at="2021-03-10T13:13:32 CST">
          <reporter-output>
          </reporter-output>
        </test-method> <!-- BeginTest -->
        <test-method status="PASS" signature="AfterTest()[pri:0, instance:Test1@6c9f5c0d]" name="AfterTest" is-config="true" duration-ms="8710" started-at="2021-03-10T13:13:43 CST" finished-at="2021-03-10T13:13:52 CST">
          <reporter-output>
          </reporter-output>
        </test-method> <!-- AfterTest -->
      </class> <!-- Test1 -->
      <class name="Test3">
        <test-method status="PASS" signature="SetUpTest()[pri:0, instance:Test3@f4168b8]" name="SetUpTest" is-config="true" duration-ms="1440" started-at="2021-03-10T13:13:28 CST" finished-at="2021-03-10T13:13:29 CST">
          <reporter-output>
          </reporter-output>
        </test-method> <!-- SetUpTest -->
        <test-method status="PASS" signature="BeginTest()[pri:0, instance:Test3@f4168b8]" name="BeginTest" duration-ms="6930" started-at="2021-03-10T13:13:36 CST" finished-at="2021-03-10T13:13:43 CST">
          <reporter-output>
          </reporter-output>
        </test-method> <!-- BeginTest -->
        <test-method status="PASS" signature="AfterTest()[pri:0, instance:Test3@f4168b8]" name="AfterTest" is-config="true" duration-ms="8705" started-at="2021-03-10T13:13:56 CST" finished-at="2021-03-10T13:14:04 CST">
          <reporter-output>
          </reporter-output>
        </test-method> <!-- AfterTest -->
      </class> <!-- Test3 -->
      <class name="Test2">
        <test-method status="PASS" signature="SetUpTest()[pri:0, instance:Test2@2a40cd94]" name="SetUpTest" is-config="true" duration-ms="1411" started-at="2021-03-10T13:13:27 CST" finished-at="2021-03-10T13:13:28 CST">
          <reporter-output>
          </reporter-output>
        </test-method> <!-- SetUpTest -->
        <test-method status="FAIL" signature="BeginTest()[pri:0, instance:Test2@2a40cd94]" name="BeginTest" duration-ms="3873" started-at="2021-03-10T13:13:32 CST" finished-at="2021-03-10T13:13:36 CST">
          <exception class="org.openqa.selenium.NoSuchElementException">
            <message>
              <![CDATA[no such element: Unable to locate element: {"method":"css selector","selector":"*[name='q']"}
  (Session info: chrome=89.0.4389.82)
For documentation on this error, please visit: http://seleniumhq.org/exceptions/no_such_element.html
Build info: version: '3.11.0', revision: 'e59cfb3', time: '2018-03-11T20:26:55.152Z'
System info: host: 'LAPTOP-L15414KC', ip: '192.168.1.67', os.name: 'Windows 10', os.arch: 'amd64', os.version: '10.0', java.version: '1.8.0_261'
Driver info: org.openqa.selenium.chrome.ChromeDriver
Capabilities {acceptInsecureCerts: false, browserName: chrome, browserVersion: 89.0.4389.82, chrome: {chromedriverVersion: 88.0.4324.96 (68dba2d8a0b14..., userDataDir: C:\WINDOWS\TEMP\scoped_dir2...}, goog:chromeOptions: {debuggerAddress: localhost:65036}, javascriptEnabled: true, networkConnectionEnabled: false, pageLoadStrategy: normal, platform: WINDOWS, platformName: WINDOWS, proxy: Proxy(), setWindowRect: true, strictFileInteractability: false, timeouts: {implicit: 0, pageLoad: 300000, script: 30000}, unhandledPromptBehavior: dismiss and notify, webauthn:extension:largeBlob: true, webauthn:virtualAuthenticators: true}
Session ID: 1740844e1d4395ce71dfb987bcb610f2
*** Element info: {Using=name, value=q}]]>
            </message>
            <full-stacktrace>
              <![CDATA[org.openqa.selenium.NoSuchElementException: no such element: Unable to locate element: {"method":"css selector","selector":"*[name='q']"}
  (Session info: chrome=89.0.4389.82)
For documentation on this error, please visit: http://seleniumhq.org/exceptions/no_such_element.html
Build info: version: '3.11.0', revision: 'e59cfb3', time: '2018-03-11T20:26:55.152Z'
System info: host: 'LAPTOP-L15414KC', ip: '192.168.1.67', os.name: 'Windows 10', os.arch: 'amd64', os.version: '10.0', java.version: '1.8.0_261'
Driver info: org.openqa.selenium.chrome.ChromeDriver
Capabilities {acceptInsecureCerts: false, browserName: chrome, browserVersion: 89.0.4389.82, chrome: {chromedriverVersion: 88.0.4324.96 (68dba2d8a0b14..., userDataDir: C:\WINDOWS\TEMP\scoped_dir2...}, goog:chromeOptions: {debuggerAddress: localhost:65036}, javascriptEnabled: true, networkConnectionEnabled: false, pageLoadStrategy: normal, platform: WINDOWS, platformName: WINDOWS, proxy: Proxy(), setWindowRect: true, strictFileInteractability: false, timeouts: {implicit: 0, pageLoad: 300000, script: 30000}, unhandledPromptBehavior: dismiss and notify, webauthn:extension:largeBlob: true, webauthn:virtualAuthenticators: true}
Session ID: 1740844e1d4395ce71dfb987bcb610f2
*** Element info: {Using=name, value=q}
at sun.reflect.NativeConstructorAccessorImpl.newInstance0(Native Method)
at sun.reflect.NativeConstructorAccessorImpl.newInstance(NativeConstructorAccessorImpl.java:62)
at sun.reflect.DelegatingConstructorAccessorImpl.newInstance(DelegatingConstructorAccessorImpl.java:45)
at java.lang.reflect.Constructor.newInstance(Constructor.java:423)
at org.openqa.selenium.remote.http.W3CHttpResponseCodec.createException(W3CHttpResponseCodec.java:187)
at org.openqa.selenium.remote.http.W3CHttpResponseCodec.decode(W3CHttpResponseCodec.java:122)
at org.openqa.selenium.remote.http.W3CHttpResponseCodec.decode(W3CHttpResponseCodec.java:49)
at org.openqa.selenium.remote.HttpCommandExecutor.execute(HttpCommandExecutor.java:158)
at org.openqa.selenium.remote.service.DriverCommandExecutor.execute(DriverCommandExecutor.java:83)
at org.openqa.selenium.remote.RemoteWebDriver.execute(RemoteWebDriver.java:545)
at org.openqa.selenium.remote.RemoteWebDriver.findElement(RemoteWebDriver.java:319)
at org.openqa.selenium.remote.RemoteWebDriver.findElementByName(RemoteWebDriver.java:397)
at org.openqa.selenium.By$ByName.findElement(By.java:303)
at org.openqa.selenium.remote.RemoteWebDriver.findElement(RemoteWebDriver.java:311)
at Test2.BeginTest(Test2.java:28)
at sun.reflect.NativeMethodAccessorImpl.invoke0(Native Method)
at sun.reflect.NativeMethodAccessorImpl.invoke(NativeMethodAccessorImpl.java:62)
at sun.reflect.DelegatingMethodAccessorImpl.invoke(DelegatingMethodAccessorImpl.java:43)
at java.lang.reflect.Method.invoke(Method.java:498)
at org.testng.internal.MethodInvocationHelper.invokeMethod(MethodInvocationHelper.java:133)
at org.testng.internal.TestInvoker.invokeMethod(TestInvoker.java:598)
at org.testng.internal.TestInvoker.invokeTestMethod(TestInvoker.java:173)
at org.testng.internal.MethodRunner.runInSequence(MethodRunner.java:46)
at org.testng.internal.TestInvoker$MethodInvocationAgent.invoke(TestInvoker.java:824)
at org.testng.internal.TestInvoker.invokeTestMethods(TestInvoker.java:146)
at org.testng.internal.TestMethodWorker.invokeTestMethods(TestMethodWorker.java:146)
at org.testng.internal.TestMethodWorker.run(TestMethodWorker.java:128)
at java.util.ArrayList.forEach(ArrayList.java:1259)
at org.testng.TestRunner.privateRun(TestRunner.java:794)
at org.testng.TestRunner.run(TestRunner.java:596)
at org.testng.SuiteRunner.runTest(SuiteRunner.java:377)
at org.testng.SuiteRunner.runSequentially(SuiteRunner.java:371)
at org.testng.SuiteRunner.privateRun(SuiteRunner.java:332)
at org.testng.SuiteRunner.run(SuiteRunner.java:276)
at org.testng.SuiteRunnerWorker.runSuite(SuiteRunnerWorker.java:53)
at org.testng.SuiteRunnerWorker.run(SuiteRunnerWorker.java:96)
at org.testng.TestNG.runSuitesSequentially(TestNG.java:1212)
at org.testng.TestNG.runSuitesLocally(TestNG.java:1134)
at org.testng.TestNG.runSuites(TestNG.java:1063)
at org.testng.TestNG.run(TestNG.java:1031)
at org.apache.maven.surefire.testng.TestNGExecutor.run(TestNGExecutor.java:284)
at org.apache.maven.surefire.testng.TestNGXmlTestSuite.execute(TestNGXmlTestSuite.java:75)
at org.apache.maven.surefire.testng.TestNGProvider.invoke(TestNGProvider.java:119)
at org.apache.maven.surefire.booter.ForkedBooter.runSuitesInProcess(ForkedBooter.java:428)
at org.apache.maven.surefire.booter.ForkedBooter.execute(ForkedBooter.java:162)
at org.apache.maven.surefire.booter.ForkedBooter.run(ForkedBooter.java:562)
at org.apache.maven.surefire.booter.ForkedBooter.main(ForkedBooter.java:548)
]]>
            </full-stacktrace>
          </exception> <!-- org.openqa.selenium.NoSuchElementException -->
          <reporter-output>
          </reporter-output>
        </test-method> <!-- BeginTest -->
        <test-method status="PASS" signature="AfterTest()[pri:0, instance:Test2@2a40cd94]" name="AfterTest" is-config="true" duration-ms="3683" started-at="2021-03-10T13:13:52 CST" finished-at="2021-03-10T13:13:56 CST">
          <reporter-output>
          </reporter-output>
        </test-method> <!-- AfterTest -->
      </class> <!-- Test2 -->
    </test> <!-- C:/Users/keyvu/IdeaProjects/AutomationDemo01 -->
  </suite> <!-- Suite 1 -->
</testng-results>
